<?xml version="1.0" encoding="UTF-8"?>
<!-- Generated by org.testng.reporters.JUnitReportReporter -->
<testsuite hostname="C02XG0BKJG5M" name="com.hitachi.solutionpackage.automation.common.SpringContextIntegrationTest" tests="1" failures="0" timestamp="12 Sep 2019 13:30:36 GMT" time="0.002" errors="0">
  <testcase name="whenSpringContextIsBootstrapped_thenNoExceptions" time="0.002" classname="com.hitachi.solutionpackage.automation.common.SpringContextIntegrationTest"/>
</testsuite> <!-- com.hitachi.solutionpackage.automation.common.SpringContextIntegrationTest -->
