<?xml version="1.0" encoding="UTF-8"?>
<!-- Generated by org.testng.reporters.JUnitReportReporter -->
<testsuite hostname="C02XG0BKJG5M" name="com.hitachi.solutionpackage.automation.common.SpringContextTest" tests="1" failures="0" timestamp="12 Sep 2019 13:30:36 GMT" time="0.033" errors="0">
  <testcase name="whenSpringContextIsBootstrapped_thenNoExceptions" time="0.033" classname="com.hitachi.solutionpackage.automation.common.SpringContextTest"/>
</testsuite> <!-- com.hitachi.solutionpackage.automation.common.SpringContextTest -->
